
 *------------------------------------------------------------------------------------* 
 |                                                                                    | 
 |  *------------------------------------------------------------------------------*  | 
 |  |                                                                              |  | 
 |  |                                                                              |  | 
 |  |   PPP   Y   Y  TTTTT  H   H  III    A      Welcome to the Lund Monte Carlo!  |  | 
 |  |   P  P   Y Y     T    H   H   I    A A     This is PYTHIA version 8.312      |  | 
 |  |   PPP     Y      T    HHHHH   I   AAAAA    Last date of change: 23 May 2024  |  | 
 |  |   P       Y      T    H   H   I   A   A                                      |  | 
 |  |   P       Y      T    H   H  III  A   A    Now is 04 Jul 2024 at 13:26:53    |  | 
 |  |                                                                              |  | 
 |  |   Program documentation and an archive of historic versions is found on:     |  | 
 |  |                                                                              |  | 
 |  |                               https://pythia.org/                            |  | 
 |  |                                                                              |  | 
 |  |   PYTHIA is authored by a collaboration consisting of:                       |  | 
 |  |                                                                              |  | 
 |  |   Javira Altmann, Christian Bierlich, Naomi Cooke, Nishita Desai,            |  | 
 |  |   Leif Gellersen, Ilkka Helenius, Philip Ilten, Leif Lonnblad,               |  | 
 |  |   Stephen Mrenna, Christian Preuss, Torbjorn Sjostrand, Peter Skands,        |  | 
 |  |   Marius Utheim, and Rob Verheyen.                                           |  | 
 |  |                                                                              |  | 
 |  |   The complete list of authors, including contact information and            |  | 
 |  |   affiliations, can be found on https://pythia.org/.                         |  | 
 |  |   Problems or bugs should be reported on email at authors@pythia.org.        |  | 
 |  |                                                                              |  | 
 |  |   The main program reference is C. Bierlich et al,                           |  | 
 |  |   'A comprehensive guide to the physics and usage of Pythia 8.3',            |  | 
 |  |   SciPost Phys. Codebases 8-r8.3 (2022) [arXiv:2203.11601 [hep-ph]]          |  | 
 |  |                                                                              |  | 
 |  |   PYTHIA is released under the GNU General Public Licence version 2 or later.|  | 
 |  |   Please respect the MCnet Guidelines for Event Generator Authors and Users. |  | 
 |  |                                                                              |  | 
 |  |   Disclaimer: this program comes without any guarantees.                     |  | 
 |  |   Beware of errors and use common sense when interpreting results.           |  | 
 |  |                                                                              |  | 
 |  |   Copyright (C) 2024 Torbjorn Sjostrand                                      |  | 
 |  |                                                                              |  | 
 |  |                                                                              |  | 
 |  *------------------------------------------------------------------------------*  | 
 |                                                                                    | 
 *------------------------------------------------------------------------------------* 


 *-------  PYTHIA Process Initialization  --------------------------*
 |                                                                  |
 | We collide p+ with p+ at a CM energy of 1.300e+04 GeV            |
 |                                                                  |
 |------------------------------------------------------------------|
 |                                                    |             |
 | Subprocess                                    Code |   Estimated |
 |                                                    |    max (mb) |
 |                                                    |             |
 |------------------------------------------------------------------|
 |                                                    |             |
 | f fbar -> H (SM)                               901 |   9.030e-09 |
 | g g -> H (SM)                                  902 |   2.524e-07 |
 | gamma gamma -> H (SM)                          903 |   8.477e-12 |
 | f fbar -> H0 Z0 (SM)                           904 |   5.187e-09 |
 | f fbar -> H0 W+- (SM)                          905 |   9.431e-09 |
 | f f' -> H0 f f'(Z0 Z0 fusion) (SM)             906 |   1.835e-08 |
 | f_1 f_2 -> H0 f_3 f_4 (W+ W- fusion) (SM)      907 |   4.832e-08 |
 | g g -> H t tbar (SM)                           908 |   4.595e-08 |
 | q qbar -> H t tbar (SM)                        909 |   2.308e-08 |
 |                                                                  |
 *-------  End PYTHIA Process Initialization -----------------------*

 *-------  PYTHIA Multiparton Interactions Initialization  ---------* 
 |                                                                  | 
 |                   sigmaNonDiffractive =    56.42 mb              | 
 |                                                                  | 
 |    pT0 =  2.60 gives sigmaInteraction =   318.06 mb: accepted    | 
 |                                                                  | 
 *-------  End PYTHIA Multiparton Interactions Initialization  -----* 

 *-------  PYTHIA Flag + Mode + Parm + Word + FVec + MVec + PVec + WVec Settings (changes only)  ------------------* 
 |                                                                                                                 | 
 | Name                                          |                      Now |      Default         Min         Max | 
 |                                               |                          |                                      | 
 | Beams:eCM                                     |                13000.000 |    14000.000         0.0             | 
 | HiggsSM:all                                   |                       on |          off                         | 
 | PartonLevel:FSR                               |                      off |           on                         | 
 | PartonLevel:ISR                               |                      off |           on                         | 
 |                                                                                                                 | 
 *-------  End PYTHIA Flag + Mode + Parm + Word + FVec + MVec + PVec + WVec Settings  -----------------------------* 

 --------  PYTHIA Particle Data Table (changed only)  ------------------------------------------------------------------------------
 
      id   name            antiName         spn chg col      m0        mWidth      mMin       mMax       tau0    res dec ext vis wid
             no onMode   bRatio   meMode     products 

 no particle data has been changed from its default value 

 --------  End PYTHIA Particle Data Table  -----------------------------------------------------------------------------------------


 --------  PYTHIA Info Listing  ---------------------------------------- 
 
 Beam A: id =   2212, pz =  6.500e+03, e =  6.500e+03, m =  9.383e-01.
 Beam B: id =   2212, pz = -6.500e+03, e =  6.500e+03, m =  9.383e-01.

 In 1: id =    4, x =  1.198e-01, pdf =  2.782e-02 at Q2 =  1.563e+04.
 In 2: id =   -4, x =  7.717e-04, pdf =  1.296e+00 at same Q2.

 Subprocess f fbar -> H (SM) with code 901 is 2 -> 1.
 It has sHat =  1.563e+04.
     alphaEM =  7.846e-03,  alphaS =  1.238e-01    at Q2 =  1.563e+04.

 Impact parameter b =  6.374e-01 gives enhancement factor =  1.818e+00.
 Max pT scale for MPI =  1.300e+04, ISR =  1.300e+04, FSR =  1.300e+04.
 Number of MPI =     7, ISR =     0, FSRproc =     0, FSRreson =     0.

 --------  End PYTHIA Info Listing  ------------------------------------

 --------  PYTHIA Event Listing  (hard process)  -----------------------------------------------------------------------------------
 
    no         id  name            status     mothers   daughters     colours      p_x        p_y        p_z         e          m 
     0         90  (system)           -11     0     0     0     0     0     0      0.000      0.000      0.000  13000.000  13000.000
     1       2212  (p+)               -12     0     0     3     0     0     0      0.000      0.000   6500.000   6500.000      0.938
     2       2212  (p+)               -12     0     0     4     0     0     0      0.000      0.000  -6500.000   6500.000      0.938
     3          4  (c)                -21     1     0     5     0   101     0      0.000      0.000    778.754    778.754      0.000
     4         -4  (cbar)             -21     2     0     5     0     0   101      0.000      0.000     -5.016      5.016      0.000
     5         25  (h0)               -22     3     4     6     7     0     0      0.000      0.000    773.738    783.771    125.004
     6          5  b                   23     5     0     0     0   102     0     36.493     21.445    673.634    674.980      4.800
     7         -5  bbar                23     5     0     0     0     0   102    -36.493    -21.445    100.104    108.791      4.800
                                   Charge sum:  0.000           Momentum sum:      0.000      0.000    773.738    783.771    125.004

 --------  End PYTHIA Event Listing  -----------------------------------------------------------------------------------------------

 --------  PYTHIA Event Listing  (complete event)  ---------------------------------------------------------------------------------
 
    no         id  name            status     mothers   daughters     colours      p_x        p_y        p_z         e          m 
     0         90  (system)           -11     0     0     0     0     0     0      0.000      0.000      0.000  13000.000  13000.000
     1       2212  (p+)               -12     0     0    30     0     0     0      0.000      0.000   6500.000   6500.000      0.938
     2       2212  (p+)               -12     0     0    31     0     0     0      0.000      0.000  -6500.000   6500.000      0.938
     3          4  (c)                -21    30    30     5     0   101     0      0.000      0.000    778.754    778.754      0.000
     4         -4  (cbar)             -21    31    31     5     0     0   101      0.000      0.000     -5.016      5.016      0.000
     5         25  (h0)               -22     3     4    32    32     0     0      0.000      0.000    773.738    783.771    125.004
     6         21  (g)                -31    33    33     8     9   104   103      0.000      0.000     18.980     18.980      0.000
     7         21  (g)                -31    34    34     8     9   106   105      0.000      0.000     -4.886      4.886      0.000
     8         21  (g)                -33     6     7    35    35   106   103     -6.844     -6.213     10.393     13.909      0.000
     9         21  (g)                -33     6     7    36    36   104   105      6.844      6.213      3.701      9.957      0.000
    10         21  (g)                -31    37    37    12    13   108   107      0.000      0.000     30.940     30.940      0.000
    11          1  (d)                -31    38    38    12    13   107     0      0.000      0.000   -170.942    170.942      0.000
    12         21  (g)                -33    10    11    39    39   108   109     -2.542     -2.294     30.828     31.018      0.000
    13          1  (d)                -33    10    11    40    40   109     0      2.542      2.294   -170.830    170.865      0.330
    14         21  (g)                -31    41    41    16    17   110   111      0.000      0.000     13.816     13.816      0.000
    15         21  (g)                -31    42    42    16    17   112   110      0.000      0.000     -1.090      1.090      0.000
    16         21  (g)                -33    14    15    43    43   112   113     -2.377     -2.001      1.899      3.641      0.000
    17         21  (g)                -33    14    15    44    44   113   111      2.377      2.001     10.827     11.264      0.000
    18         21  (g)                -31    45    45    20    21   115   114      0.000      0.000      0.665      0.665      0.000
    19         21  (g)                -31    46    46    20    21   117   116      0.000      0.000   -123.912    123.912      0.000
    20         21  (g)                -33    18    19    47    47   117   114      1.689      2.011     -2.000      3.301      0.000
    21         21  (g)                -33    18    19    48    48   115   116     -1.689     -2.011   -121.247    121.276      0.000
    22          2  (u)                -31    49    49    24    25   118     0      0.000      0.000      0.007      0.007      0.000
    23         -1  (dbar)             -31    50    50    24    25     0   118      0.000      0.000   -262.563    262.563      0.000
    24          2  (u)                -33    22    23    51    51   119     0     -1.094      0.002    -58.589     58.600      0.330
    25         -1  (dbar)             -33    22    23    52    52     0   119      1.094     -0.002   -203.967    203.970      0.330
    26         21  (g)                -31    53    53    28    29   120   121      0.000      0.000    590.822    590.822      0.000
    27         21  (g)                -31    54    54    28    29   122   120      0.000      0.000     -0.002      0.002      0.000
    28         21  (g)                -33    26    27    55    55   122   123      0.356     -0.007     18.868     18.872      0.000
    29         21  (g)                -33    26    27    56    56   123   121     -0.356      0.007    571.951    571.952      0.000
    30          4  (c)                -61     1     0     3     3   101     0      1.436      1.068    778.882    778.884      0.000
    31         -4  (cbar)             -61     2     0     4     4     0   101      2.546      1.171     -4.628      5.410      0.000
    32         25  (h0)               -62     5     5    66    67     0     0      3.982      2.238    774.254    784.294    125.004
    33         21  (g)                -61     1     0     6     6   108   103     -2.550     -0.230     19.172     19.343      0.000
    34         21  (g)                -61     2     0     7     7   112   105     -1.123     -0.558     -4.812      4.973      0.000
    35         21  (g)                -62     8     8    86    86   106   103     -9.020     -6.589     11.197     15.816      0.000
    36         21  (g)                -62     9     9   127   127   104   117      5.347      5.800      3.163      8.499      0.000
    37         21  (g)                -61     1     0    10    10   109   101      1.884     -1.569     30.896     30.993      0.000
    38          1  (d)                -61     2     0    11    11   101     0     -0.427     -0.848   -170.924    170.927      0.000
    39         21  (g)                -62    12    12   131   131   108   123     -0.659     -3.863     30.812     31.060      0.000
    40          1  (d)                -62    13    13   110   110   109     0      2.117      1.446   -170.840    170.860      0.330
    41         21  (g)                -61     1     0    14    14   110   110     -0.583     -1.352     13.778     13.857      0.000
    42         21  (g)                -61     2     0    15    15   111   111      0.975      0.004     -0.846      1.291      0.000
    43         21  (g)                -62    16    16    87    87   112   106     -1.649     -2.185      0.852      2.867      0.000
    44         21  (g)                -62    17    17   128   128   113   104      2.041      0.837     12.081     12.281      0.000
    45         21  (g)                -61     1     0    18    18   116   116      0.136     -0.644      0.502      0.828      0.000
    46         21  (g)                -61     2     0    19    19   114   114      0.136      0.366   -123.777    123.778      0.000
    47         21  (g)                -62    20    20   126   126   117   115      1.825      1.386     -1.352      2.660      0.000
    48         21  (g)                -62    21    21   125   125   115   105     -1.552     -1.664   -121.924    121.945      0.000
    49          2  (u)                -61     1     0    22    22   103     0     -0.532      0.383    -15.145     15.159      0.000
    50         -1  (dbar)             -61     2     0    23    23     0   103     -0.102     -0.528   -254.687    254.688      0.000
    51          2  (u)                -62    24    24    72    73   119     0     -1.546      0.101   -107.581    107.593      0.330
    52         -1  (dbar)             -62    25    25    72    73     0   119      0.912     -0.246   -162.251    162.254      0.330
    53         21  (g)                -61     1     0    26    26   120   120      0.033      0.288    597.076    597.076      0.000
    54         21  (g)                -61     2     0    27    27   121   121     -0.031      0.011      0.159      0.162      0.000
    55         21  (g)                -62    28    28   129   129   122   113      0.327      0.012     15.952     15.955      0.000
    56         21  (g)                -62    29    29   130   130   123   122     -0.325      0.288    581.283    581.283      0.000
    57          2  (u)                -63     1     0    74    74   124     0      0.337      0.647   2367.578   2367.579      0.330
    58       2101  (ud_0)             -63     1     0   132   132     0   108      0.639      0.141   2223.176   2223.176      0.579
    59         -4  (cbar)             -63     1     0    75    75     0   124     -0.207      0.739    278.945    278.950      1.500
    60         -2  (ubar)             -63     1     0   111   111     0   109     -0.593      0.529    188.785    188.787      0.330
    61       2101  (ud_0)             -63     2     0    69    69     0   128     -0.863     -0.118  -4414.129   4414.129      0.579
    62          2  (u)                -63     2     0   124   124   105     0     -0.395      0.091   -679.106    679.106      0.330
    63          4  (c)                -63     2     0    85    85   103     0     -0.082      0.063   -102.097    102.108      1.500
    64         -1  (dbar)             -63     2     0    88    88     0   112     -0.322      0.141   -601.336    601.336      0.330
    65          1  (d)                -63     2     0    68    68   128     0     -0.312      0.206   -127.462    127.463      0.330
    66          5  (b)                -23    32     0    79    84   102     0     39.923     23.373    674.079    675.681      4.800
    67         -5  (bbar)             -23    32     0    79    84     0   102    -35.941    -21.135    100.175    108.612      4.800
    68          1  (d)                -71    65    65    70    71   128     0     -0.312      0.206   -127.462    127.463      0.330
    69       2101  (ud_0)             -71    61    61    70    71     0   128     -0.863     -0.118  -4414.129   4414.129      0.579
    70       -213  (rho-)             -83    68    69   171   172     0     0     -0.788      0.145  -1009.402   1009.403      1.132
    71       2212  p+                  84    68    69     0     0     0     0     -0.387     -0.057  -3532.189   3532.189      0.938
    72       2224  (Delta++)          -83    51    52   173   174     0     0     -0.577     -0.123    -98.910     98.920      1.304
    73      -2214  (Deltabar-)        -84    51    52   175   176     0     0     -0.057     -0.022   -170.922    170.927      1.224
    74          2  (u)                -71    57    57    76    78   124     0      0.337      0.647   2367.578   2367.579      0.330
    75         -4  (cbar)             -71    59    59    76    78     0   124     -0.207      0.739    278.945    278.950      1.500
    76        111  (pi0)              -83    74    75   242   243     0     0      0.451      0.497   2048.827   2048.828      0.135
    77        111  (pi0)              -84    74    75   244   245     0     0     -0.212      0.079     37.871     37.872      0.135
    78       -423  (D*bar0)           -84    74    75   246   247     0     0     -0.109      0.810    559.825    559.829      2.007
    79       -531  (B_sbar0)          -83    66    67   248   249     0     0     37.888     21.727    643.225    644.729      5.367
    80       -321  K-                  83    66    67     0     0     0     0      0.618      0.418      8.112      8.162      0.494
    81        211  pi+                 83    66    67     0     0     0     0      1.239      0.757     20.072     20.125      0.140
    82        311  (K0)               -84    66    67   177   177     0     0     -0.365      0.353      1.987      2.110      0.498
    83       -323  (K*-)              -84    66    67   178   179     0     0     -1.882     -1.410      6.815      7.287      1.064
    84        521  (B+)               -84    66    67   250   254     0     0    -33.517    -19.607     94.042    101.881      5.279
    85          4  (c)                -71    63    63    89   109   103     0     -0.082      0.063   -102.097    102.108      1.500
    86         21  (g)                -71    35    35    89   109   106   103     -9.020     -6.589     11.197     15.816      0.000
    87         21  (g)                -71    43    43    89   109   112   106     -1.649     -2.185      0.852      2.867      0.000
    88         -1  (dbar)             -71    64    64    89   109     0   112     -0.322      0.141   -601.336    601.336      0.330
    89        413  (D*+)              -83    85    88   255   256     0     0      0.028     -0.652    -73.268     73.298      2.010
    90        311  (K0)               -83    85    88   180   180     0     0     -0.099      0.292     -6.610      6.636      0.498
    91       -313  (K*bar0)           -83    85    88   181   182     0     0      0.144      0.464    -14.981     15.018      0.922
    92       2114  (Delta0)           -83    85    88   183   184     0     0     -0.297     -0.327     -4.379      4.540      1.113
    93        211  pi+                 83    85    88     0     0     0     0      0.310     -0.316     -0.327      0.568      0.140
    94      -2224  (Deltabar--)       -83    85    88   185   186     0     0     -0.259      0.359     -1.506      2.042      1.306
    95        321  K+                  83    85    88     0     0     0     0     -0.956     -0.614     -0.064      1.241      0.494
    96       -321  K-                  83    85    88     0     0     0     0     -0.369      0.121      0.356      0.722      0.494
    97        111  (pi0)              -83    85    88   257   258     0     0     -0.450     -0.393      1.045      1.211      0.135
    98        211  pi+                 83    85    88     0     0     0     0     -2.314     -2.178      2.849      4.270      0.140
    99       1114  (Delta-)           -83    85    88   187   188     0     0     -4.542     -3.344      4.743      7.459      1.155
   100      -1114  (Deltabar+)        -83    85    88   189   190     0     0     -0.792     -0.945      1.322      2.192      1.240
   101        113  (rho0)             -83    85    88   191   192     0     0     -1.082     -1.055      0.079      1.722      0.822
   102       -211  pi-                 84    85    88     0     0     0     0     -0.032      0.435     -0.327      0.563      0.140
   103        211  pi+                 84    85    88     0     0     0     0      0.330     -0.572     -1.517      1.660      0.140
   104       -213  (rho-)             -84    85    88   193   194     0     0     -0.556      0.108     -4.644      4.778      0.974
   105        113  (rho0)             -84    85    88   195   196     0     0      0.191      0.298    -10.186     10.219      0.737
   106        223  (omega)            -84    85    88   259   261     0     0     -0.536     -0.223    -66.237     66.244      0.773
   107        213  (rho+)             -84    85    88   197   198     0     0      0.707     -0.369    -66.176     66.185      0.773
   108       -213  (rho-)             -84    85    88   199   200     0     0     -0.267      0.600   -207.980    207.983      0.880
   109        211  pi+                 84    85    88     0     0     0     0     -0.231     -0.259   -243.576    243.576      0.140
   110          1  (d)                -71    40    40   112   123   109     0      2.117      1.446   -170.840    170.860      0.330
   111         -2  (ubar)             -71    60    60   112   123     0   109     -0.593      0.529    188.785    188.787      0.330
   112        223  (omega)            -83   110   111   262   264     0     0      0.229      0.421    -39.742     39.753      0.788
   113       -213  (rho-)             -83   110   111   201   202     0     0      1.515      0.830    -89.674     89.697      1.012
   114        113  (rho0)             -83   110   111   203   204     0     0      0.255     -0.134    -26.421     26.433      0.760
   115        223  (omega)            -83   110   111   265   267     0     0      0.095      0.420     -2.030      2.220      0.789
   116        211  pi+                 83   110   111     0     0     0     0     -0.402     -0.063     -9.024      9.034      0.140
   117       -211  pi-                 83   110   111     0     0     0     0      0.981     -0.315     -2.722      2.914      0.140
   118        211  pi+                 83   110   111     0     0     0     0     -0.870      0.223      1.253      1.548      0.140
   119       -213  (rho-)             -84   110   111   205   206     0     0      0.653      0.163     -0.478      1.107      0.737
   120        321  K+                  84   110   111     0     0     0     0     -0.472      0.120      2.182      2.290      0.494
   121       -311  (Kbar0)            -84   110   111   207   207     0     0     -0.152     -0.530     11.263     11.287      0.498
   122       -213  (rho-)             -84   110   111   208   209     0     0      0.242      0.520     49.976     49.999      1.409
   123        113  (rho0)             -84   110   111   210   211     0     0     -0.550      0.319    123.362    123.366      0.738
   124          2  (u)                -71    62    62   133   170   105     0     -0.395      0.091   -679.106    679.106      0.330
   125         21  (g)                -71    48    48   133   170   115   105     -1.552     -1.664   -121.924    121.945      0.000
   126         21  (g)                -71    47    47   133   170   117   115      1.825      1.386     -1.352      2.660      0.000
   127         21  (g)                -71    36    36   133   170   104   117      5.347      5.800      3.163      8.499      0.000
   128         21  (g)                -71    44    44   133   170   113   104      2.041      0.837     12.081     12.281      0.000
   129         21  (g)                -71    55    55   133   170   122   113      0.327      0.012     15.952     15.955      0.000
   130         21  (g)                -71    56    56   133   170   123   122     -0.325      0.288    581.283    581.283      0.000
   131         21  (g)                -71    39    39   133   170   108   123     -0.659     -3.863     30.812     31.060      0.000
   132       2101  (ud_0)             -71    58    58   133   170     0   108      0.639      0.141   2223.176   2223.176      0.579
   133        113  (rho0)             -83   124   132   212   213     0     0     -0.215      0.186   -529.770    529.770      0.859
   134        213  (rho+)             -83   124   132   214   215     0     0     -1.186     -1.198   -145.342    145.355      1.020
   135       -211  pi-                 83   124   132     0     0     0     0      0.163      0.433    -36.294     36.297      0.140
   136        211  pi+                 83   124   132     0     0     0     0      0.061     -0.268    -17.080     17.082      0.140
   137       -213  (rho-)             -83   124   132   216   217     0     0     -0.547     -0.735    -61.801     61.815      0.893
   138        221  (eta)              -83   124   132   268   269     0     0      0.100      0.004     -4.111      4.149      0.548
   139        321  K+                  83   124   132     0     0     0     0     -0.033     -0.131     -1.408      1.498      0.494
   140       -311  (Kbar0)            -83   124   132   218   218     0     0     -0.144      0.819     -4.018      4.133      0.498
   141       -213  (rho-)             -83   124   132   219   220     0     0      0.001     -0.089     -1.047      1.297      0.760
   142        113  (rho0)             -83   124   132   221   222     0     0      2.457      1.650     -0.768      3.333      1.327
   143        111  (pi0)              -83   124   132   270   271     0     0      0.351      0.451      0.330      0.673      0.135
   144       3222  (Sigma+)           -83   124   132   272   273     0     0      1.558      1.722      0.921      2.766      1.189
   145       -211  pi-                 83   124   132     0     0     0     0     -0.026     -0.057     -0.120      0.194      0.140
   146      -3214  (Sigma*bar0)       -83   124   132   223   224     0     0      1.314      1.581      1.638      2.965      1.372
   147        211  pi+                 83   124   132     0     0     0     0      0.621      0.488      0.539      0.966      0.140
   148       -211  pi-                 83   124   132     0     0     0     0      0.087      0.290      0.983      1.038      0.140
   149        321  K+                  83   124   132     0     0     0     0      1.285      0.250      1.411      1.987      0.494
   150       -321  K-                  84   124   132     0     0     0     0      0.315      0.338      4.195      4.249      0.494
   151        111  (pi0)              -84   124   132   274   275     0     0     -0.014      0.586      0.588      0.841      0.135
   152        323  (K*+)              -84   124   132   225   226     0     0      1.357      0.182     23.515     23.571      0.893
   153       -321  K-                  84   124   132     0     0     0     0     -0.354     -0.035     67.852     67.855      0.494
   154        213  (rho+)             -84   124   132   227   228     0     0      0.279     -0.208    117.695    117.702      1.205
   155        311  (K0)               -84   124   132   229   229     0     0     -0.116      0.272     95.750     95.752      0.498
   156       -323  (K*-)              -84   124   132   230   231     0     0     -0.042     -0.153     88.481     88.486      0.852
   157        323  (K*+)              -84   124   132   232   233     0     0      0.063      0.170    113.485    113.489      0.900
   158       -321  K-                  84   124   132     0     0     0     0     -0.210      0.082     20.021     20.029      0.494
   159        211  pi+                 84   124   132     0     0     0     0     -0.356      0.043     12.217     12.223      0.140
   160       2112  n0                  84   124   132     0     0     0     0      0.497     -0.742     40.030     40.050      0.940
   161      -2112  nbar0               84   124   132     0     0     0     0     -0.274     -0.180     15.514     15.545      0.940
   162        313  (K*0)              -84   124   132   234   235     0     0     -0.284     -1.186     20.785     20.839      0.866
   163       -311  (Kbar0)            -84   124   132   236   236     0     0      0.314     -1.024      9.793      9.864      0.498
   164       -211  pi-                 84   124   132     0     0     0     0     -0.279      0.068      2.579      2.598      0.140
   165        223  (omega)            -84   124   132   276   278     0     0      0.475     -0.422     30.821     30.837      0.780
   166        223  (omega)            -84   124   132   279   280     0     0     -0.734     -0.117     68.175     68.184      0.779
   167        223  (omega)            -84   124   132   281   282     0     0      0.114     -0.265     81.913     81.917      0.775
   168        211  pi+                 84   124   132     0     0     0     0      0.665      0.248    507.360    507.361      0.140
   169       2112  n0                  84   124   132     0     0     0     0     -0.345     -0.050   1082.077   1082.078      0.940
   170        223  (omega)            -84   124   132   283   285     0     0      0.330      0.027    457.175    457.175      0.784
   171       -211  pi-                 91    70     0     0     0     0     0     -0.546      0.286   -944.070    944.070      0.140
   172        111  (pi0)              -91    70     0   286   287     0     0     -0.242     -0.142    -65.332     65.333      0.135
   173       2212  p+                  91    72     0     0     0     0     0     -0.376      0.113    -57.813     57.822      0.938
   174        211  pi+                 91    72     0     0     0     0     0     -0.202     -0.236    -41.096     41.098      0.140
   175      -2212  pbar-               91    73     0     0     0     0     0      0.171      0.016   -138.836    138.839      0.938
   176        111  (pi0)              -91    73     0   288   289     0     0     -0.228     -0.038    -32.086     32.087      0.135
   177        130  K_L0                91    82    82     0     0     0     0     -0.365      0.353      1.987      2.110      0.498
   178       -311  (Kbar0)            -91    83     0   237   237     0     0     -1.123     -1.321      4.710      5.044      0.498
   179       -211  pi-                 91    83     0     0     0     0     0     -0.759     -0.089      2.105      2.244      0.140
   180        310  (K_S0)             -91    90    90   290   291     0     0     -0.099      0.292     -6.610      6.636      0.498
   181       -321  K-                  91    91     0     0     0     0     0      0.142      0.362     -5.697      5.732      0.494
   182        211  pi+                 91    91     0     0     0     0     0      0.002      0.102     -9.284      9.286      0.140
   183       2112  n0                  91    92     0     0     0     0     0     -0.338     -0.284     -3.594      3.741      0.940
   184        111  (pi0)              -91    92     0   292   293     0     0      0.041     -0.043     -0.786      0.799      0.135
   185      -2212  pbar-               91    94     0     0     0     0     0     -0.114      0.510     -0.958      1.439      0.938
   186       -211  pi-                 91    94     0     0     0     0     0     -0.145     -0.151     -0.548      0.603      0.140
   187       2112  n0                  91    99     0     0     0     0     0     -3.229     -2.308      3.385      5.300      0.940
   188       -211  pi-                 91    99     0     0     0     0     0     -1.313     -1.036      1.358      2.159      0.140
   189      -2112  nbar0               91   100     0     0     0     0     0     -0.826     -0.647      0.976      1.714      0.940
   190        211  pi+                 91   100     0     0     0     0     0      0.035     -0.298      0.345      0.478      0.140
   191        211  pi+                 91   101     0     0     0     0     0     -1.008     -0.510      0.157      1.149      0.140
   192       -211  pi-                 91   101     0     0     0     0     0     -0.074     -0.545     -0.078      0.573      0.140
   193       -211  pi-                 91   104     0     0     0     0     0     -0.066      0.475     -1.938      2.002      0.140
   194        111  (pi0)              -91   104     0   294   295     0     0     -0.489     -0.366     -2.705      2.777      0.135
   195        211  pi+                 91   105     0     0     0     0     0      0.148      0.457     -4.324      4.353      0.140
   196       -211  pi-                 91   105     0     0     0     0     0      0.043     -0.159     -5.861      5.865      0.140
   197        211  pi+                 91   107     0     0     0     0     0      0.061      0.153     -6.984      6.987      0.140
   198        111  (pi0)              -91   107     0   296   297     0     0      0.646     -0.523    -59.192     59.198      0.135
   199       -211  pi-                 91   108     0     0     0     0     0     -0.126      0.772   -177.771    177.773      0.140
   200        111  (pi0)              -91   108     0   298   299     0     0     -0.141     -0.172    -30.209     30.210      0.135
   201       -211  pi-                 91   113     0     0     0     0     0      0.439      0.775    -35.210     35.221      0.140
   202        111  (pi0)              -91   113     0   300   301     0     0      1.076      0.056    -54.465     54.475      0.135
   203        211  pi+                 91   114     0     0     0     0     0      0.240      0.058    -23.813     23.815      0.140
   204       -211  pi-                 91   114     0     0     0     0     0      0.015     -0.192     -2.607      2.618      0.140
   205       -211  pi-                 91   119     0     0     0     0     0      0.196      0.114      0.159      0.310      0.140
   206        111  (pi0)              -91   119     0   302   303     0     0      0.457      0.049     -0.637      0.797      0.135
   207        130  K_L0                91   121   121     0     0     0     0     -0.152     -0.530     11.263     11.287      0.498
   208       -211  pi-                 91   122     0     0     0     0     0      0.367     -0.351     10.579     10.592      0.140
   209        111  (pi0)              -91   122     0   304   305     0     0     -0.125      0.870     39.397     39.407      0.135
   210        211  pi+                 91   123     0     0     0     0     0     -0.329     -0.176     40.975     40.977      0.140
   211       -211  pi-                 91   123     0     0     0     0     0     -0.221      0.496     82.387     82.389      0.140
   212        211  pi+                 91   133     0     0     0     0     0     -0.357     -0.118   -132.527    132.527      0.140
   213       -211  pi-                 91   133     0     0     0     0     0      0.143      0.304   -397.243    397.243      0.140
   214        211  pi+                 91   134     0     0     0     0     0      0.153     -0.201    -25.892     25.893      0.140
   215        111  (pi0)              -91   134     0   306   307     0     0     -1.339     -0.997   -119.451    119.462      0.135
   216       -211  pi-                 91   137     0     0     0     0     0     -0.662     -0.186    -32.442     32.450      0.140
   217        111  (pi0)              -91   137     0   308   309     0     0      0.114     -0.548    -29.359     29.365      0.135
   218        130  K_L0                91   140   140     0     0     0     0     -0.144      0.819     -4.018      4.133      0.498
   219       -211  pi-                 91   141     0     0     0     0     0      0.142     -0.372     -0.588      0.723      0.140
   220        111  (pi0)              -91   141     0   310   311     0     0     -0.141      0.282     -0.459      0.573      0.135
   221        211  pi+                 91   142     0     0     0     0     0      1.841      1.491     -1.084      2.609      0.140
   222       -211  pi-                 91   142     0     0     0     0     0      0.616      0.159      0.316      0.724      0.140
   223      -3122  (Lambdabar0)       -91   146     0   312   313     0     0      0.901      1.017      1.215      2.137      1.116
   224        111  (pi0)              -91   146     0   314   315     0     0      0.413      0.564      0.423      0.828      0.135
   225        311  (K0)               -91   152     0   238   238     0     0      1.048      0.404     17.436     17.479      0.498
   226        211  pi+                 91   152     0     0     0     0     0      0.308     -0.223      6.079      6.092      0.140
   227        211  pi+                 91   154     0     0     0     0     0     -0.298     -0.467     41.226     41.230      0.140
   228        111  (pi0)              -91   154     0   316   317     0     0      0.577      0.259     76.469     76.471      0.135
   229        310  (K_S0)             -91   155   155   318   319     0     0     -0.116      0.272     95.750     95.752      0.498
   230       -311  (Kbar0)            -91   156     0   239   239     0     0     -0.038     -0.242     38.749     38.752      0.498
   231       -211  pi-                 91   156     0     0     0     0     0     -0.004      0.088     49.733     49.733      0.140
   232        311  (K0)               -91   157     0   240   240     0     0      0.198     -0.139     66.253     66.255      0.498
   233        211  pi+                 91   157     0     0     0     0     0     -0.135      0.308     47.232     47.234      0.140
   234        311  (K0)               -91   162     0   241   241     0     0      0.053     -0.906     14.939     14.975      0.498
   235        111  (pi0)              -91   162     0   320   321     0     0     -0.336     -0.279      5.846      5.863      0.135
   236        310  (K_S0)             -91   163   163   322   323     0     0      0.314     -1.024      9.793      9.864      0.498
   237        310  (K_S0)             -91   178   178   324   325     0     0     -1.123     -1.321      4.710      5.044      0.498
   238        130  K_L0                91   225   225     0     0     0     0      1.048      0.404     17.436     17.479      0.498
   239        130  K_L0                91   230   230     0     0     0     0     -0.038     -0.242     38.749     38.752      0.498
   240        310  (K_S0)             -91   232   232   326   327     0     0      0.198     -0.139     66.253     66.255      0.498
   241        310  (K_S0)             -91   234   234   328   329     0     0      0.053     -0.906     14.939     14.975      0.498
   242         22  gamma               91    76     0     0     0     0     0      0.105      0.198    586.834    586.834      0.000
   243         22  gamma               91    76     0     0     0     0     0      0.346      0.299   1461.993   1461.993      0.000
   244         22  gamma               91    77     0     0     0     0     0     -0.190      0.066     22.619     22.620      0.000
   245         22  gamma               91    77     0     0     0     0     0     -0.022      0.013     15.252     15.252      0.000
   246       -421  (Dbar0)            -91    78     0   330   332     0     0     -0.068      0.774    526.067    526.071      1.865
   247        111  (pi0)              -91    78     0   333   334     0     0     -0.042      0.036     33.758     33.758      0.135
   248        433  (D*_s+)            -92    79     0   335   336     0     0     26.073     16.359    447.282    448.344      2.112
   249       -433  (D*_s-)            -92    79     0   337   338     0     0     11.815      5.368    195.944    196.384      2.112
   250       -421  (Dbar0)            -91    84     0   339   343     0     0    -10.938     -6.000     30.855     33.334      1.865
   251       -211  pi-                 91    84     0     0     0     0     0     -1.518     -0.764      3.694      4.069      0.140
   252        223  (omega)            -91    84     0   344   346     0     0     -4.816     -2.964     14.452     15.540      0.805
   253        413  (D*+)              -91    84     0   347   348     0     0    -15.356     -9.397     42.768     46.446      2.010
   254        211  pi+                 91    84     0     0     0     0     0     -0.888     -0.482      2.273      2.491      0.140
   255        411  (D+)               -91    89     0   349   351     0     0      0.043     -0.632    -67.596     67.625      1.870
   256        111  (pi0)              -91    89     0   352   353     0     0     -0.015     -0.020     -5.672      5.674      0.135
   257         22  gamma               91    97     0     0     0     0     0     -0.132     -0.178      0.473      0.522      0.000
   258         22  gamma               91    97     0     0     0     0     0     -0.318     -0.214      0.572      0.689      0.000
   259        211  pi+                 91   106     0     0     0     0     0     -0.107     -0.169    -28.154     28.155      0.140
   260       -211  pi-                 91   106     0     0     0     0     0     -0.380     -0.205    -22.291     22.295      0.140
   261        111  (pi0)              -91   106     0   354   355     0     0     -0.049      0.152    -15.793     15.794      0.135
   262        211  pi+                 91   112     0     0     0     0     0      0.169      0.135     -4.508      4.515      0.140
   263       -211  pi-                 91   112     0     0     0     0     0     -0.061      0.155     -9.875      9.877      0.140
   264        111  (pi0)              -91   112     0   356   357     0     0      0.121      0.131    -25.360     25.361      0.135
   265        211  pi+                 91   115     0     0     0     0     0      0.005      0.045     -0.141      0.204      0.140
   266       -211  pi-                 91   115     0     0     0     0     0      0.149     -0.080     -0.748      0.779      0.140
   267        111  (pi0)              -91   115     0   358   359     0     0     -0.059      0.455     -1.140      1.237      0.135
   268         22  gamma               91   138     0     0     0     0     0      0.151      0.111     -0.474      0.509      0.000
   269         22  gamma               91   138     0     0     0     0     0     -0.051     -0.107     -3.637      3.639      0.000
   270         22  gamma               91   143     0     0     0     0     0      0.035      0.137      0.088      0.167      0.000
   271         22  gamma               91   143     0     0     0     0     0      0.315      0.313      0.242      0.506      0.000
   272       2212  p+                  91   144     0     0     0     0     0      1.351      1.690      0.805      2.492      0.938
   273        111  (pi0)              -91   144     0   360   361     0     0      0.206      0.032      0.116      0.274      0.135
   274         22  gamma               91   151     0     0     0     0     0      0.056      0.201      0.233      0.313      0.000
   275         22  gamma               91   151     0     0     0     0     0     -0.070      0.385      0.355      0.528      0.000
   276        211  pi+                 91   165     0     0     0     0     0      0.081     -0.284      5.987      5.996      0.140
   277       -211  pi-                 91   165     0     0     0     0     0      0.005      0.024      3.422      3.425      0.140
   278        111  (pi0)              -91   165     0   362   363     0     0      0.389     -0.162     21.412     21.416      0.135
   279        111  (pi0)              -91   166     0   364   365     0     0     -0.148     -0.194     45.318     45.319      0.135
   280         22  gamma               91   166     0     0     0     0     0     -0.586      0.077     22.857     22.865      0.000
   281        111  (pi0)              -91   167     0   366   367     0     0     -0.249      0.076     42.583     42.584      0.135
   282         22  gamma               91   167     0     0     0     0     0      0.364     -0.341     39.329     39.332      0.000
   283        211  pi+                 91   170     0     0     0     0     0      0.131      0.149     85.496     85.496      0.140
   284       -211  pi-                 91   170     0     0     0     0     0      0.149     -0.290    214.858    214.858      0.140
   285        111  (pi0)              -91   170     0   368   369     0     0      0.050      0.169    156.821    156.821      0.135
   286         22  gamma               91   172     0     0     0     0     0     -0.154     -0.033    -24.774     24.774      0.000
   287         22  gamma               91   172     0     0     0     0     0     -0.088     -0.109    -40.558     40.559      0.000
   288         22  gamma               91   176     0     0     0     0     0     -0.086     -0.079    -16.604     16.604      0.000
   289         22  gamma               91   176     0     0     0     0     0     -0.142      0.041    -15.482     15.483      0.000
   290        211  pi+                 91   180     0     0     0     0     0      0.072     -0.054     -1.423      1.433      0.140
   291       -211  pi-                 91   180     0     0     0     0     0     -0.171      0.346     -5.187      5.203      0.140
   292         22  gamma               91   184     0     0     0     0     0      0.011      0.048     -0.202      0.207      0.000
   293         22  gamma               91   184     0     0     0     0     0      0.031     -0.091     -0.584      0.592      0.000
   294         22  gamma               91   194     0     0     0     0     0     -0.452     -0.297     -2.206      2.271      0.000
   295         22  gamma               91   194     0     0     0     0     0     -0.038     -0.069     -0.500      0.506      0.000
   296         22  gamma               91   198     0     0     0     0     0      0.602     -0.517    -54.473     54.479      0.000
   297         22  gamma               91   198     0     0     0     0     0      0.044     -0.006     -4.719      4.719      0.000
   298         22  gamma               91   200     0     0     0     0     0     -0.038      0.010     -9.000      9.000      0.000
   299         22  gamma               91   200     0     0     0     0     0     -0.103     -0.183    -21.209     21.210      0.000
   300         22  gamma               91   202     0     0     0     0     0      0.101      0.014     -3.510      3.512      0.000
   301         22  gamma               91   202     0     0     0     0     0      0.975      0.041    -50.954     50.964      0.000
   302         22  gamma               91   206     0     0     0     0     0      0.062     -0.027     -0.156      0.170      0.000
   303         22  gamma               91   206     0     0     0     0     0      0.396      0.076     -0.482      0.628      0.000
   304         22  gamma               91   209     0     0     0     0     0     -0.068      0.704     29.482     29.491      0.000
   305         22  gamma               91   209     0     0     0     0     0     -0.058      0.167      9.915      9.916      0.000
   306         22  gamma               91   215     0     0     0     0     0     -0.697     -0.456    -62.719     62.724      0.000
   307         22  gamma               91   215     0     0     0     0     0     -0.642     -0.541    -56.732     56.738      0.000
   308         22  gamma               91   217     0     0     0     0     0      0.086     -0.535    -28.338     28.343      0.000
   309         22  gamma               91   217     0     0     0     0     0      0.028     -0.014     -1.022      1.022      0.000
   310         22  gamma               91   220     0     0     0     0     0     -0.049      0.106     -0.288      0.311      0.000
   311         22  gamma               91   220     0     0     0     0     0     -0.092      0.177     -0.171      0.263      0.000
   312      -2112  nbar0               91   223     0     0     0     0     0      0.803      0.837      1.146      1.882      0.940
   313        111  (pi0)              -91   223     0   370   371     0     0      0.098      0.181      0.069      0.255      0.135
   314         22  gamma               91   224     0     0     0     0     0      0.034      0.029     -0.005      0.045      0.000
   315         22  gamma               91   224     0     0     0     0     0      0.379      0.535      0.429      0.783      0.000
   316         22  gamma               91   228     0     0     0     0     0      0.008     -0.012      2.858      2.858      0.000
   317         22  gamma               91   228     0     0     0     0     0      0.569      0.271     73.610     73.613      0.000
   318        211  pi+                 91   229     0     0     0     0     0      0.135      0.074     23.985     23.986      0.140
   319       -211  pi-                 91   229     0     0     0     0     0     -0.251      0.198     71.765     71.766      0.140
   320         22  gamma               91   235     0     0     0     0     0     -0.002      0.001      0.531      0.531      0.000
   321         22  gamma               91   235     0     0     0     0     0     -0.334     -0.281      5.314      5.332      0.000
   322        211  pi+                 91   236     0     0     0     0     0      0.349     -0.527      4.618      4.663      0.140
   323       -211  pi-                 91   236     0     0     0     0     0     -0.035     -0.497      5.175      5.200      0.140
   324        111  (pi0)              -91   237     0   372   373     0     0     -0.933     -1.220      3.865      4.161      0.135
   325        111  (pi0)              -91   237     0   374   375     0     0     -0.190     -0.101      0.845      0.882      0.135
   326        111  (pi0)              -91   240     0   376   377     0     0      0.222     -0.023     17.141     17.143      0.135
   327        111  (pi0)              -91   240     0   378   379     0     0     -0.024     -0.116     49.112     49.113      0.135
   328        111  (pi0)              -91   241     0   380   381     0     0     -0.128     -0.603      7.634      7.660      0.135
   329        111  (pi0)              -91   241     0   382   383     0     0      0.181     -0.303      7.306      7.316      0.135
   330       -211  pi-                 91   246     0     0     0     0     0     -0.164     -0.502    127.567    127.568      0.140
   331        211  pi+                 91   246     0     0     0     0     0      0.077      0.502    180.727    180.728      0.140
   332        130  K_L0                91   246     0     0     0     0     0      0.020      0.773    217.773    217.775      0.498
   333         22  gamma               91   247     0     0     0     0     0      0.028     -0.035      8.495      8.495      0.000
   334         22  gamma               91   247     0     0     0     0     0     -0.070      0.071     25.263     25.263      0.000
   335        431  (D_s+)             -91   248     0   384   386     0     0     22.812     14.253    391.346    392.274      1.968
   336         22  gamma               91   248     0     0     0     0     0      3.261      2.106     55.936     56.071      0.000
   337       -431  (D_s-)             -91   249     0   387   389     0     0     11.103      5.036    186.122    186.532      1.968
   338         22  gamma               91   249     0     0     0     0     0      0.712      0.332      9.821      9.853      0.000
   339       -311  (Kbar0)            -91   250     0   390   390     0     0     -3.967     -1.940     11.998     12.794      0.498
   340       -211  pi-                 91   250     0     0     0     0     0     -1.098     -0.685      3.355      3.599      0.140
   341        211  pi+                 91   250     0     0     0     0     0     -1.565     -0.806      3.468      3.892      0.140
   342        111  (pi0)              -91   250     0   391   392     0     0     -2.866     -1.592      7.325      8.027      0.135
   343        111  (pi0)              -91   250     0   393   394     0     0     -1.441     -0.977      4.709      5.022      0.135
   344        211  pi+                 91   252     0     0     0     0     0     -1.285     -1.009      4.611      4.894      0.140
   345       -211  pi-                 91   252     0     0     0     0     0     -2.716     -1.627      7.510      8.152      0.140
   346        111  (pi0)              -91   252     0   395   396     0     0     -0.816     -0.328      2.330      2.494      0.135
   347        421  (D0)               -91   253     0   397   398     0     0    -13.955     -8.533     38.880     42.222      1.865
   348        211  pi+                 91   253     0     0     0     0     0     -1.401     -0.864      3.888      4.225      0.140
   349        -13  mu+                 91   255     0     0     0     0     0      0.218     -0.221    -39.272     39.273      0.106
   350         14  nu_mu               91   255     0     0     0     0     0      0.072     -0.484     -5.842      5.862      0.000
   351        311  (K0)               -91   255     0   399   399     0     0     -0.247      0.074    -22.483     22.490      0.498
   352         22  gamma               91   256     0     0     0     0     0      0.015     -0.065     -4.424      4.424      0.000
   353         22  gamma               91   256     0     0     0     0     0     -0.030      0.045     -1.248      1.250      0.000
   354         22  gamma               91   261     0     0     0     0     0      0.029      0.118     -8.280      8.280      0.000
   355         22  gamma               91   261     0     0     0     0     0     -0.078      0.033     -7.513      7.513      0.000
   356         22  gamma               91   264     0     0     0     0     0      0.043      0.138    -16.822     16.822      0.000
   357         22  gamma               91   264     0     0     0     0     0      0.078     -0.008     -8.538      8.538      0.000
   358         22  gamma               91   267     0     0     0     0     0     -0.091      0.421     -1.047      1.132      0.000
   359         22  gamma               91   267     0     0     0     0     0      0.032      0.034     -0.094      0.105      0.000
   360         22  gamma               91   273     0     0     0     0     0      0.174     -0.019      0.043      0.180      0.000
   361         22  gamma               91   273     0     0     0     0     0      0.033      0.050      0.073      0.094      0.000
   362         22  gamma               91   278     0     0     0     0     0      0.319     -0.110     14.010     14.014      0.000
   363         22  gamma               91   278     0     0     0     0     0      0.070     -0.053      7.402      7.403      0.000
   364         22  gamma               91   279     0     0     0     0     0     -0.146     -0.086     25.515     25.515      0.000
   365         22  gamma               91   279     0     0     0     0     0     -0.002     -0.108     19.803     19.804      0.000
   366         22  gamma               91   281     0     0     0     0     0     -0.259      0.049     37.485     37.486      0.000
   367         22  gamma               91   281     0     0     0     0     0      0.010      0.028      5.099      5.099      0.000
   368         22  gamma               91   285     0     0     0     0     0      0.037      0.182    152.595    152.595      0.000
   369         22  gamma               91   285     0     0     0     0     0      0.013     -0.014      4.226      4.226      0.000
   370         22  gamma               91   313     0     0     0     0     0      0.075      0.200      0.050      0.219      0.000
   371         22  gamma               91   313     0     0     0     0     0      0.023     -0.020      0.019      0.036      0.000
   372         22  gamma               91   324     0     0     0     0     0     -0.428     -0.620      1.739      1.895      0.000
   373         22  gamma               91   324     0     0     0     0     0     -0.505     -0.601      2.126      2.266      0.000
   374         22  gamma               91   325     0     0     0     0     0     -0.162     -0.099      0.829      0.851      0.000
   375         22  gamma               91   325     0     0     0     0     0     -0.027     -0.001      0.016      0.032      0.000
   376         22  gamma               91   326     0     0     0     0     0      0.115     -0.075      7.636      7.638      0.000
   377         22  gamma               91   326     0     0     0     0     0      0.107      0.052      9.504      9.505      0.000
   378         22  gamma               91   327     0     0     0     0     0     -0.028     -0.127     48.642     48.642      0.000
   379         22  gamma               91   327     0     0     0     0     0      0.004      0.011      0.471      0.471      0.000
   380         22  gamma               91   328     0     0     0     0     0     -0.112     -0.397      5.740      5.755      0.000
   381         22  gamma               91   328     0     0     0     0     0     -0.016     -0.206      1.893      1.905      0.000
   382         22  gamma               91   329     0     0     0     0     0      0.079     -0.082      3.592      3.594      0.000
   383         22  gamma               91   329     0     0     0     0     0      0.102     -0.221      3.714      3.722      0.000
   384        -11  e+                  91   335     0     0     0     0     0      4.654      3.342     85.244     85.437      0.001
   385         12  nu_e                91   335     0     0     0     0     0      5.675      3.850     95.097     95.344      0.000
   386        331  (eta')             -91   335     0   400   402     0     0     12.483      7.062    211.004    211.493      0.956
   387         13  mu-                 91   337     0     0     0     0     0      0.801      0.529     11.966     12.005      0.106
   388        -14  nu_mubar            91   337     0     0     0     0     0      1.885      1.200     29.675     29.759      0.000
   389        333  (phi)              -91   337     0   403   404     0     0      8.417      3.307    144.481    144.767      1.021
   390        130  K_L0                91   339   339     0     0     0     0     -3.967     -1.940     11.998     12.794      0.498
   391         22  gamma               91   342     0     0     0     0     0     -1.089     -0.620      2.958      3.212      0.000
   392         22  gamma               91   342     0     0     0     0     0     -1.777     -0.972      4.367      4.814      0.000
   393         22  gamma               91   343     0     0     0     0     0     -1.048     -0.714      3.595      3.812      0.000
   394         22  gamma               91   343     0     0     0     0     0     -0.394     -0.263      1.114      1.210      0.000
   395         22  gamma               91   346     0     0     0     0     0     -0.325     -0.200      0.953      1.027      0.000
   396         22  gamma               91   346     0     0     0     0     0     -0.491     -0.128      1.377      1.468      0.000
   397      20213  (a_1(1260)+)       -91   347     0   405   406     0     0     -6.642     -4.206     18.293     19.945      1.162
   398       -321  K-                  91   347     0     0     0     0     0     -7.313     -4.327     20.587     22.277      0.494
   399        130  K_L0                91   351   351     0     0     0     0     -0.247      0.074    -22.483     22.490      0.498
   400        211  pi+                 91   386     0     0     0     0     0      2.344      1.347     37.755     37.852      0.140
   401       -211  pi-                 91   386     0     0     0     0     0      2.090      1.278     37.626     37.706      0.140
   402        221  (eta)              -91   386     0   407   409     0     0      8.048      4.437    135.623    135.936      0.548
   403        130  K_L0                91   389     0     0     0     0     0      3.852      1.540     67.986     68.115      0.498
   404        310  (K_S0)             -91   389     0   410   411     0     0      4.565      1.767     76.495     76.653      0.498
   405        211  pi+                 91   397     0     0     0     0     0     -2.704     -1.909      8.134      8.782      0.140
   406        113  (rho0)             -91   397     0   412   413     0     0     -3.938     -2.298     10.159     11.162      0.774
   407        211  pi+                 91   402     0     0     0     0     0      3.792      2.053     64.183     64.327      0.140
   408       -211  pi-                 91   402     0     0     0     0     0      2.668      1.409     45.308     45.409      0.140
   409        111  (pi0)              -91   402     0   414   415     0     0      1.588      0.976     26.132     26.199      0.135
   410        211  pi+                 91   404     0     0     0     0     0      2.345      1.121     41.287     41.369      0.140
   411       -211  pi-                 91   404     0     0     0     0     0      2.220      0.646     35.208     35.284      0.140
   412        211  pi+                 91   406     0     0     0     0     0     -2.856     -1.508      6.422      7.190      0.140
   413       -211  pi-                 91   406     0     0     0     0     0     -1.081     -0.790      3.737      3.972      0.140
   414         22  gamma               91   409     0     0     0     0     0      0.365      0.286      6.142      6.159      0.000
   415         22  gamma               91   409     0     0     0     0     0      1.223      0.690     19.991     20.040      0.000
                                   Charge sum:  2.000           Momentum sum:      0.000      0.000     -0.000  13000.000  13000.000

 --------  End PYTHIA Event Listing  -----------------------------------------------------------------------------------------------
 PYTHIA Warning in TauDecays::decay: maximum decay weight exceeded in tau decay
 PYTHIA Error in StringFragmentation::fragment: stuck in joining
 PYTHIA Error in Pythia::next: hadronLevel failed; try again

 Pythia::next(): 1000 events have been generated 
 PYTHIA Warning in PhaseSpace::trialKin123: maximum for cross section violated

 Pythia::next(): 2000 events have been generated 

 Pythia::next(): 3000 events have been generated 

 Pythia::next(): 4000 events have been generated 

 Pythia::next(): 5000 events have been generated 
 PYTHIA Warning in HadronWidths::pickMasses: angular momentum and running widths not used

 Pythia::next(): 6000 events have been generated 

 Pythia::next(): 7000 events have been generated 

 Pythia::next(): 8000 events have been generated 

 Pythia::next(): 9000 events have been generated 

 *-------  PYTHIA Event and Cross Section Statistics  -------------------------------------------------------------*
 |                                                                                                                 |
 | Subprocess                                    Code |            Number of events       |      sigma +- delta    |
 |                                                    |       Tried   Selected   Accepted |     (estimated) (mb)   |
 |                                                    |                                   |                        |
 |-----------------------------------------------------------------------------------------------------------------|
 |                                                    |                                   |                        |
 | f fbar -> H (SM)                               901 |        2758        286        286 |   9.162e-10  4.035e-11 |
 | g g -> H (SM)                                  902 |       77496       7957       7957 |   2.595e-08  2.168e-10 |
 | gamma gamma -> H (SM)                          903 |           1          0          0 |   0.000e+00  0.000e+00 |
 | f fbar -> H0 Z0 (SM)                           904 |        1507        184        184 |   6.396e-10  2.509e-11 |
 | f fbar -> H0 W+- (SM)                          905 |        2806        347        347 |   1.162e-09  3.370e-11 |
 | f f' -> H0 f f'(Z0 Z0 fusion) (SM)             906 |        5610        313        313 |   9.882e-10  3.053e-11 |
 | f_1 f_2 -> H0 f_3 f_4 (W+ W- fusion) (SM)      907 |       14727        781        781 |   2.651e-09  4.946e-11 |
 | g g -> H t tbar (SM)                           908 |       14137         89         89 |   2.586e-10  1.041e-11 |
 | q qbar -> H t tbar (SM)                        909 |        7203         43         43 |   1.113e-10  8.653e-12 |
 |                                                    |                                   |                        |
 | sum                                                |      126245      10000      10000 |   3.268e-08  2.323e-10 |
 |                                                                                                                 |
 *-------  End PYTHIA Event and Cross Section Statistics ----------------------------------------------------------*

 *-------  PYTHIA Error and Warning Messages Statistics  ----------------------------------------------------------* 
 |                                                                                                                 | 
 |  times   message                                                                                                | 
 |                                                                                                                 | 
 |      1   Error in Pythia::next: hadronLevel failed; try again                                                   | 
 |      1   Error in StringFragmentation::fragment: stuck in joining                                               | 
 |      1   Warning in HadronWidths::pickMasses: angular momentum and running widths not used                      | 
 |      4   Warning in PhaseSpace::trialKin123: maximum for cross section violated                                 | 
 |      2   Warning in TauDecays::decay: maximum decay weight exceeded in tau decay                                | 
 |                                                                                                                 | 
 *-------  End PYTHIA Error and Warning Messages Statistics  ------------------------------------------------------* 
